{
  "RSpec": {
    "coverage": {
      "/Users/notmarkmiranda/turing/3module/projects/rails-engine/app/helpers/application_helper.rb": [
        1,
        null
      ],
      "/Users/notmarkmiranda/turing/3module/projects/rails-engine/app/controllers/api/v1/items_controller.rb": [
        1,
        1,
        1,
        1,
        null,
        1,
        1,
        null,
        null,
        1,
        1,
        null,
        null,
        1,
        1,
        null,
        null,
        1,
        1,
        null,
        null,
        1,
        1,
        null,
        null,
        1,
        null,
        1,
        2,
        null,
        null,
        null,
        null,
        null
      ],
      "/Users/notmarkmiranda/turing/3module/projects/rails-engine/app/controllers/api/api_controller.rb": [
        1,
        null,
        null,
        null,
        1,
        null
      ],
      "/Users/notmarkmiranda/turing/3module/projects/rails-engine/app/controllers/application_controller.rb": [
        1,
        null,
        null,
        1,
        null
      ],
      "/Users/notmarkmiranda/turing/3module/projects/rails-engine/app/models/customer.rb": [
        1,
        1,
        1,
        null,
        null
      ],
      "/Users/notmarkmiranda/turing/3module/projects/rails-engine/app/models/invoice_item.rb": [
        1,
        1,
        1,
        1,
        1,
        null
      ],
      "/Users/notmarkmiranda/turing/3module/projects/rails-engine/app/models/invoice.rb": [
        1,
        1,
        1,
        1,
        null
      ],
      "/Users/notmarkmiranda/turing/3module/projects/rails-engine/app/models/item.rb": [
        1,
        1,
        1,
        1,
        1,
        null
      ],
      "/Users/notmarkmiranda/turing/3module/projects/rails-engine/app/models/merchant.rb": [
        1,
        1,
        null,
        null
      ],
      "/Users/notmarkmiranda/turing/3module/projects/rails-engine/app/models/transaction.rb": [
        1,
        1,
        1,
        1,
        null
      ]
    },
    "timestamp": 1464751333
  }
}
